# JRE version: Java(TM) SE Runtime Environment (17.0.2+8) (build 17.0.2+8-LTS-86)
# Java VM: Java HotSpot(TM) 64-Bit Server VM (17.0.2+8-LTS-86, mixed mode, sharing, tiered, compressed oops, compressed class ptrs, g1 gc, windows-amd64)
GC Precious Log:
 CPUs: 4 total, 4 available
 Memory: 8124M
 Large Page Support: Disabled
 NUMA Support: Disabled
 Compressed Oops: Enabled (32-bit)
 Heap Region Size: 1M
 Heap Min Capacity: 8M
 Heap Initial Capacity: 128M
 Heap Max Capacity: 2032M
 Pre-touch: Disabled
 Parallel Workers: 4
 Concurrent Workers: 1
 Concurrent Refinement Workers: 4
 Periodic GC: Disabled
Heap:
 garbage-first heap   total 65536K, used 32737K [0x0000000081000000, 0x0000000100000000)
  region size 1024K, 20 young (20480K), 4 survivors (4096K)
 Metaspace       used 40253K, committed 40576K, reserved 1089536K
  class space    used 5352K, committed 5504K, reserved 1048576K
GC Heap History (16 events):
Event: 0.336 GC heap before
{Heap before GC invocations=0 (full 0):
 garbage-first heap   total 131072K, used 13312K [0x0000000081000000, 0x0000000100000000)
  region size 1024K, 13 young (13312K), 0 survivors (0K)
 Metaspace       used 3284K, committed 3520K, reserved 1056768K
  class space    used 346K, committed 448K, reserved 1048576K
}
Event: 0.340 GC heap after
{Heap after GC invocations=1 (full 0):
 garbage-first heap   total 131072K, used 6287K [0x0000000081000000, 0x0000000100000000)
  region size 1024K, 2 young (2048K), 2 survivors (2048K)
 Metaspace       used 3284K, committed 3520K, reserved 1056768K
  class space    used 346K, committed 448K, reserved 1048576K
}
Event: 0.565 GC heap before
{Heap before GC invocations=1 (full 0):
 garbage-first heap   total 131072K, used 18575K [0x0000000081000000, 0x0000000100000000)
  region size 1024K, 14 young (14336K), 2 survivors (2048K)
 Metaspace       used 6192K, committed 6400K, reserved 1056768K
  class space    used 733K, committed 832K, reserved 1048576K
}
Event: 0.568 GC heap after
{Heap after GC invocations=2 (full 0):
 garbage-first heap   total 131072K, used 7458K [0x0000000081000000, 0x0000000100000000)
  region size 1024K, 1 young (1024K), 1 survivors (1024K)
 Metaspace       used 6192K, committed 6400K, reserved 1056768K
  class space    used 733K, committed 832K, reserved 1048576K
}
Event: 0.899 GC heap before
{Heap before GC invocations=2 (full 0):
 garbage-first heap   total 131072K, used 29986K [0x0000000081000000, 0x0000000100000000)
  region size 1024K, 23 young (23552K), 1 survivors (1024K)
 Metaspace       used 11594K, committed 11776K, reserved 1064960K
  class space    used 1529K, committed 1600K, reserved 1048576K
}
Event: 0.902 GC heap after
{Heap after GC invocations=3 (full 0):
 garbage-first heap   total 131072K, used 8865K [0x0000000081000000, 0x0000000100000000)
  region size 1024K, 3 young (3072K), 3 survivors (3072K)
 Metaspace       used 11594K, committed 11776K, reserved 1064960K
  class space    used 1529K, committed 1600K, reserved 1048576K
}
Event: 1.658 GC heap before
{Heap before GC invocations=3 (full 0):
 garbage-first heap   total 131072K, used 64161K [0x0000000081000000, 0x0000000100000000)
  region size 1024K, 58 young (59392K), 3 survivors (3072K)
 Metaspace       used 21280K, committed 21504K, reserved 1073152K
  class space    used 2720K, committed 2816K, reserved 1048576K
}
Event: 1.663 GC heap after
{Heap after GC invocations=4 (full 0):
 garbage-first heap   total 131072K, used 11971K [0x0000000081000000, 0x0000000100000000)
  region size 1024K, 6 young (6144K), 6 survivors (6144K)
 Metaspace       used 21280K, committed 21504K, reserved 1073152K
  class space    used 2720K, committed 2816K, reserved 1048576K
}
Event: 2.289 GC heap before
{Heap before GC invocations=5 (full 0):
 garbage-first heap   total 48128K, used 37571K [0x0000000081000000, 0x0000000100000000)
  region size 1024K, 32 young (32768K), 6 survivors (6144K)
 Metaspace       used 26548K, committed 26880K, reserved 1073152K
  class space    used 3478K, committed 3648K, reserved 1048576K
}
Event: 2.295 GC heap after
{Heap after GC invocations=6 (full 0):
 garbage-first heap   total 48128K, used 14483K [0x0000000081000000, 0x0000000100000000)
  region size 1024K, 7 young (7168K), 7 survivors (7168K)
 Metaspace       used 26548K, committed 26880K, reserved 1073152K
  class space    used 3478K, committed 3648K, reserved 1048576K
}
Event: 2.310 GC heap before
{Heap before GC invocations=6 (full 0):
 garbage-first heap   total 48128K, used 15507K [0x0000000081000000, 0x0000000100000000)
  region size 1024K, 8 young (8192K), 7 survivors (7168K)
 Metaspace       used 26757K, committed 27072K, reserved 1073152K
  class space    used 3492K, committed 3648K, reserved 1048576K
}
Event: 2.314 GC heap after
{Heap after GC invocations=7 (full 0):
 garbage-first heap   total 48128K, used 14998K [0x0000000081000000, 0x0000000100000000)
  region size 1024K, 1 young (1024K), 1 survivors (1024K)
 Metaspace       used 26757K, committed 27072K, reserved 1073152K
  class space    used 3492K, committed 3648K, reserved 1048576K
}
Event: 2.599 GC heap before
{Heap before GC invocations=7 (full 0):
 garbage-first heap   total 48128K, used 33430K [0x0000000081000000, 0x0000000100000000)
  region size 1024K, 19 young (19456K), 1 survivors (1024K)
 Metaspace       used 29220K, committed 29568K, reserved 1081344K
  class space    used 3780K, committed 3968K, reserved 1048576K
}
Event: 2.603 GC heap after
{Heap after GC invocations=8 (full 0):
 garbage-first heap   total 86016K, used 15758K [0x0000000081000000, 0x0000000100000000)
  region size 1024K, 2 young (2048K), 2 survivors (2048K)
 Metaspace       used 29220K, committed 29568K, reserved 1081344K
  class space    used 3780K, committed 3968K, reserved 1048576K
}
Event: 3.068 GC heap before
{Heap before GC invocations=8 (full 0):
 garbage-first heap   total 86016K, used 38286K [0x0000000081000000, 0x0000000100000000)
  region size 1024K, 25 young (25600K), 2 survivors (2048K)
 Metaspace       used 35655K, committed 35968K, reserved 1081344K
  class space    used 4763K, committed 4928K, reserved 1048576K
}
Event: 3.072 GC heap after
{Heap after GC invocations=9 (full 0):
 garbage-first heap   total 86016K, used 17377K [0x0000000081000000, 0x0000000100000000)
  region size 1024K, 4 young (4096K), 4 survivors (4096K)
 Metaspace       used 35655K, committed 35968K, reserved 1081344K
  class space    used 4763K, committed 4928K, reserved 1048576K
}

